<?xml version="1.0" encoding="UTF-8"?>
<!-- Generated by org.testng.reporters.JUnitXMLReporter -->
<testsuite ignored="3" hostname="Shri" failures="0" tests="1" name="Default test" time="6.888" errors="0" timestamp="27 Mar 2024 12:04:32 GMT">
  <testcase classname="Com.test.TestCase" name="verifyFirstPom" time="6.875"/>
  <testcase classname="Com.test.TestCase" name="verifyStateRequriedOrNot" time="0.0">
    <ignored/>
  </testcase> <!-- verifyStateRequriedOrNot -->
  <testcase classname="Com.test.TestCase" name="verifyLastNameRequriedOrNot" time="0.0">
    <ignored/>
  </testcase> <!-- verifyLastNameRequriedOrNot -->
  <testcase classname="Com.test.TestCase" name="verifyMobileNumberRequriedOrNot" time="0.0">
    <ignored/>
  </testcase> <!-- verifyMobileNumberRequriedOrNot -->
</testsuite> <!-- Default test -->
