<?xml version="1.0" encoding="UTF-8"?>
<testng-results ignored="3" total="4" passed="1" failed="0" skipped="0">
  <reporter-output>
  </reporter-output>
  <suite started-at="2024-03-27T12:04:25Z" name="Default suite" finished-at="2024-03-27T12:04:32Z" duration-ms="6888">
    <groups>
    </groups>
    <test started-at="2024-03-27T12:04:25Z" name="Default test" finished-at="2024-03-27T12:04:32Z" duration-ms="6888">
      <class name="Com.test.TestCase">
        <test-method signature="verifyFirstPom()[pri:0, instance:Com.test.TestCase@49c66ade]" started-at="2024-03-27T12:04:25Z" name="verifyFirstPom" finished-at="2024-03-27T12:04:32Z" duration-ms="6875" status="PASS">
          <reporter-output>
          </reporter-output>
        </test-method> <!-- verifyFirstPom -->
      </class> <!-- Com.test.TestCase -->
    </test> <!-- Default test -->
  </suite> <!-- Default suite -->
</testng-results>
